<?xml version="1.0" encoding="UTF-8"?>
<coverage generated="1763756312468" clover="3.2.0">
  <project timestamp="1763756312468" name="All files">
    <metrics statements="80" coveredstatements="80" conditionals="59" coveredconditionals="58" methods="16" coveredmethods="16" elements="155" coveredelements="154" complexity="0" loc="80" ncloc="80" packages="1" files="3" classes="3"/>
    <file name="match.js" path="/home/willi/Tic-Tac-Task/packages/express-backend/match.js">
      <metrics statements="30" coveredstatements="30" conditionals="22" coveredconditionals="22" methods="6" coveredmethods="6"/>
      <line num="5" count="4" type="stmt"/>
      <line num="6" count="4" type="cond" truecount="2" falsecount="0"/>
      <line num="7" count="1" type="stmt"/>
      <line num="8" count="1" type="stmt"/>
      <line num="10" count="3" type="cond" truecount="2" falsecount="0"/>
      <line num="15" count="3" type="stmt"/>
      <line num="16" count="3" type="cond" truecount="2" falsecount="0"/>
      <line num="17" count="1" type="stmt"/>
      <line num="18" count="1" type="stmt"/>
      <line num="20" count="2" type="cond" truecount="2" falsecount="0"/>
      <line num="25" count="4" type="stmt"/>
      <line num="26" count="4" type="cond" truecount="2" falsecount="0"/>
      <line num="27" count="1" type="stmt"/>
      <line num="28" count="1" type="stmt"/>
      <line num="30" count="3" type="cond" truecount="2" falsecount="0"/>
      <line num="35" count="4" type="stmt"/>
      <line num="36" count="4" type="cond" truecount="2" falsecount="0"/>
      <line num="37" count="1" type="stmt"/>
      <line num="38" count="1" type="stmt"/>
      <line num="40" count="3" type="cond" truecount="2" falsecount="0"/>
      <line num="45" count="4" type="stmt"/>
      <line num="46" count="4" type="cond" truecount="2" falsecount="0"/>
      <line num="47" count="1" type="stmt"/>
      <line num="48" count="1" type="stmt"/>
      <line num="50" count="3" type="cond" truecount="2" falsecount="0"/>
      <line num="55" count="2" type="stmt"/>
      <line num="56" count="2" type="cond" truecount="2" falsecount="0"/>
      <line num="57" count="1" type="stmt"/>
      <line num="58" count="1" type="stmt"/>
      <line num="60" count="1" type="stmt"/>
    </file>
    <file name="task.js" path="/home/willi/Tic-Tac-Task/packages/express-backend/task.js">
      <metrics statements="25" coveredstatements="25" conditionals="19" coveredconditionals="18" methods="5" coveredmethods="5"/>
      <line num="5" count="4" type="stmt"/>
      <line num="10" count="4" type="cond" truecount="2" falsecount="0"/>
      <line num="11" count="1" type="stmt"/>
      <line num="12" count="1" type="stmt"/>
      <line num="14" count="3" type="cond" truecount="2" falsecount="0"/>
      <line num="19" count="3" type="stmt"/>
      <line num="23" count="3" type="cond" truecount="2" falsecount="0"/>
      <line num="24" count="1" type="stmt"/>
      <line num="25" count="1" type="stmt"/>
      <line num="27" count="2" type="cond" truecount="2" falsecount="0"/>
      <line num="32" count="4" type="stmt"/>
      <line num="40" count="4" type="cond" truecount="2" falsecount="0"/>
      <line num="41" count="1" type="stmt"/>
      <line num="42" count="1" type="stmt"/>
      <line num="44" count="3" type="cond" truecount="2" falsecount="0"/>
      <line num="49" count="4" type="stmt"/>
      <line num="54" count="4" type="cond" truecount="2" falsecount="0"/>
      <line num="55" count="1" type="stmt"/>
      <line num="56" count="1" type="stmt"/>
      <line num="58" count="3" type="cond" truecount="2" falsecount="0"/>
      <line num="63" count="2" type="stmt"/>
      <line num="68" count="2" type="cond" truecount="2" falsecount="0"/>
      <line num="69" count="1" type="stmt"/>
      <line num="70" count="1" type="stmt"/>
      <line num="72" count="1" type="stmt"/>
    </file>
    <file name="user.js" path="/home/willi/Tic-Tac-Task/packages/express-backend/user.js">
      <metrics statements="25" coveredstatements="25" conditionals="18" coveredconditionals="18" methods="5" coveredmethods="5"/>
      <line num="5" count="3" type="stmt"/>
      <line num="6" count="3" type="cond" truecount="2" falsecount="0"/>
      <line num="7" count="1" type="stmt"/>
      <line num="8" count="1" type="stmt"/>
      <line num="11" count="2" type="cond" truecount="2" falsecount="0"/>
      <line num="16" count="4" type="stmt"/>
      <line num="17" count="4" type="cond" truecount="2" falsecount="0"/>
      <line num="18" count="1" type="stmt"/>
      <line num="19" count="1" type="stmt"/>
      <line num="22" count="3" type="cond" truecount="2" falsecount="0"/>
      <line num="27" count="4" type="stmt"/>
      <line num="28" count="4" type="cond" truecount="2" falsecount="0"/>
      <line num="29" count="1" type="stmt"/>
      <line num="30" count="1" type="stmt"/>
      <line num="32" count="3" type="cond" truecount="2" falsecount="0"/>
      <line num="37" count="4" type="stmt"/>
      <line num="41" count="4" type="cond" truecount="2" falsecount="0"/>
      <line num="42" count="1" type="stmt"/>
      <line num="43" count="1" type="stmt"/>
      <line num="45" count="3" type="cond" truecount="2" falsecount="0"/>
      <line num="50" count="2" type="stmt"/>
      <line num="51" count="2" type="cond" truecount="2" falsecount="0"/>
      <line num="52" count="1" type="stmt"/>
      <line num="53" count="1" type="stmt"/>
      <line num="56" count="1" type="stmt"/>
    </file>
  </project>
</coverage>
