{"/home/willi/Tic-Tac-Task/packages/express-backend/match.js": {"path":"/home/willi/Tic-Tac-Task/packages/express-backend/match.js","statementMap":{"0":{"start":{"line":5,"column":24},"end":{"line":5,"column":82}},"1":{"start":{"line":6,"column":2},"end":{"line":9,"column":3}},"2":{"start":{"line":7,"column":4},"end":{"line":7,"column":58}},"3":{"start":{"line":8,"column":4},"end":{"line":8,"column":16}},"4":{"start":{"line":10,"column":2},"end":{"line":10,"column":27}},"5":{"start":{"line":15,"column":26},"end":{"line":15,"column":90}},"6":{"start":{"line":16,"column":2},"end":{"line":19,"column":3}},"7":{"start":{"line":17,"column":4},"end":{"line":17,"column":69}},"8":{"start":{"line":18,"column":4},"end":{"line":18,"column":16}},"9":{"start":{"line":20,"column":2},"end":{"line":20,"column":20}},"10":{"start":{"line":25,"column":26},"end":{"line":25,"column":103}},"11":{"start":{"line":26,"column":2},"end":{"line":29,"column":3}},"12":{"start":{"line":27,"column":4},"end":{"line":27,"column":58}},"13":{"start":{"line":28,"column":4},"end":{"line":28,"column":16}},"14":{"start":{"line":30,"column":2},"end":{"line":30,"column":27}},"15":{"start":{"line":35,"column":26},"end":{"line":35,"column":111}},"16":{"start":{"line":36,"column":2},"end":{"line":39,"column":3}},"17":{"start":{"line":37,"column":4},"end":{"line":37,"column":65}},"18":{"start":{"line":38,"column":4},"end":{"line":38,"column":16}},"19":{"start":{"line":40,"column":2},"end":{"line":40,"column":27}},"20":{"start":{"line":45,"column":26},"end":{"line":45,"column":91}},"21":{"start":{"line":46,"column":2},"end":{"line":49,"column":3}},"22":{"start":{"line":47,"column":4},"end":{"line":47,"column":66}},"23":{"start":{"line":48,"column":4},"end":{"line":48,"column":16}},"24":{"start":{"line":50,"column":2},"end":{"line":50,"column":27}},"25":{"start":{"line":55,"column":26},"end":{"line":55,"column":90}},"26":{"start":{"line":56,"column":2},"end":{"line":59,"column":3}},"27":{"start":{"line":57,"column":4},"end":{"line":57,"column":58}},"28":{"start":{"line":58,"column":4},"end":{"line":58,"column":16}},"29":{"start":{"line":60,"column":2},"end":{"line":60,"column":14}}},"fnMap":{"0":{"name":"getMatchById","decl":{"start":{"line":4,"column":22},"end":{"line":4,"column":34}},"loc":{"start":{"line":4,"column":44},"end":{"line":11,"column":1}},"line":4},"1":{"name":"getMatchesForUser","decl":{"start":{"line":14,"column":22},"end":{"line":14,"column":39}},"loc":{"start":{"line":14,"column":48},"end":{"line":21,"column":1}},"line":14},"2":{"name":"addMatch","decl":{"start":{"line":24,"column":22},"end":{"line":24,"column":30}},"loc":{"start":{"line":24,"column":55},"end":{"line":31,"column":1}},"line":24},"3":{"name":"addUser2ToMatch","decl":{"start":{"line":34,"column":22},"end":{"line":34,"column":37}},"loc":{"start":{"line":34,"column":57},"end":{"line":41,"column":1}},"line":34},"4":{"name":"markMatchComplete","decl":{"start":{"line":44,"column":22},"end":{"line":44,"column":39}},"loc":{"start":{"line":44,"column":49},"end":{"line":51,"column":1}},"line":44},"5":{"name":"deleteMatchById","decl":{"start":{"line":54,"column":22},"end":{"line":54,"column":37}},"loc":{"start":{"line":54,"column":47},"end":{"line":61,"column":1}},"line":54}},"branchMap":{"0":{"loc":{"start":{"line":6,"column":2},"end":{"line":9,"column":3}},"type":"if","locations":[{"start":{"line":6,"column":2},"end":{"line":9,"column":3}},{"start":{},"end":{}}],"line":6},"1":{"loc":{"start":{"line":10,"column":9},"end":{"line":10,"column":26}},"type":"binary-expr","locations":[{"start":{"line":10,"column":9},"end":{"line":10,"column":18}},{"start":{"line":10,"column":22},"end":{"line":10,"column":26}}],"line":10},"2":{"loc":{"start":{"line":16,"column":2},"end":{"line":19,"column":3}},"type":"if","locations":[{"start":{"line":16,"column":2},"end":{"line":19,"column":3}},{"start":{},"end":{}}],"line":16},"3":{"loc":{"start":{"line":20,"column":9},"end":{"line":20,"column":19}},"type":"binary-expr","locations":[{"start":{"line":20,"column":9},"end":{"line":20,"column":13}},{"start":{"line":20,"column":17},"end":{"line":20,"column":19}}],"line":20},"4":{"loc":{"start":{"line":26,"column":2},"end":{"line":29,"column":3}},"type":"if","locations":[{"start":{"line":26,"column":2},"end":{"line":29,"column":3}},{"start":{},"end":{}}],"line":26},"5":{"loc":{"start":{"line":30,"column":9},"end":{"line":30,"column":26}},"type":"binary-expr","locations":[{"start":{"line":30,"column":9},"end":{"line":30,"column":18}},{"start":{"line":30,"column":22},"end":{"line":30,"column":26}}],"line":30},"6":{"loc":{"start":{"line":36,"column":2},"end":{"line":39,"column":3}},"type":"if","locations":[{"start":{"line":36,"column":2},"end":{"line":39,"column":3}},{"start":{},"end":{}}],"line":36},"7":{"loc":{"start":{"line":40,"column":9},"end":{"line":40,"column":26}},"type":"binary-expr","locations":[{"start":{"line":40,"column":9},"end":{"line":40,"column":18}},{"start":{"line":40,"column":22},"end":{"line":40,"column":26}}],"line":40},"8":{"loc":{"start":{"line":46,"column":2},"end":{"line":49,"column":3}},"type":"if","locations":[{"start":{"line":46,"column":2},"end":{"line":49,"column":3}},{"start":{},"end":{}}],"line":46},"9":{"loc":{"start":{"line":50,"column":9},"end":{"line":50,"column":26}},"type":"binary-expr","locations":[{"start":{"line":50,"column":9},"end":{"line":50,"column":18}},{"start":{"line":50,"column":22},"end":{"line":50,"column":26}}],"line":50},"10":{"loc":{"start":{"line":56,"column":2},"end":{"line":59,"column":3}},"type":"if","locations":[{"start":{"line":56,"column":2},"end":{"line":59,"column":3}},{"start":{},"end":{}}],"line":56}},"s":{"0":4,"1":4,"2":1,"3":1,"4":3,"5":3,"6":3,"7":1,"8":1,"9":2,"10":4,"11":4,"12":1,"13":1,"14":3,"15":4,"16":4,"17":1,"18":1,"19":3,"20":4,"21":4,"22":1,"23":1,"24":3,"25":2,"26":2,"27":1,"28":1,"29":1},"f":{"0":4,"1":3,"2":4,"3":4,"4":4,"5":2},"b":{"0":[1,3],"1":[3,2],"2":[1,2],"3":[2,1],"4":[1,3],"5":[3,2],"6":[1,3],"7":[3,2],"8":[1,3],"9":[3,2],"10":[1,1]},"_coverageSchema":"1a1c01bbd47fc00a2c39e90264f33305004495a9","hash":"97df0b4fe60cd79efe90be7a65e52a67bd7363f2"}
,"/home/willi/Tic-Tac-Task/packages/express-backend/task.js": {"path":"/home/willi/Tic-Tac-Task/packages/express-backend/task.js","statementMap":{"0":{"start":{"line":5,"column":26},"end":{"line":9,"column":4}},"1":{"start":{"line":10,"column":2},"end":{"line":13,"column":3}},"2":{"start":{"line":11,"column":4},"end":{"line":11,"column":57}},"3":{"start":{"line":12,"column":4},"end":{"line":12,"column":16}},"4":{"start":{"line":14,"column":2},"end":{"line":14,"column":27}},"5":{"start":{"line":19,"column":26},"end":{"line":22,"column":4}},"6":{"start":{"line":23,"column":2},"end":{"line":26,"column":3}},"7":{"start":{"line":24,"column":4},"end":{"line":24,"column":58}},"8":{"start":{"line":25,"column":4},"end":{"line":25,"column":16}},"9":{"start":{"line":27,"column":2},"end":{"line":27,"column":20}},"10":{"start":{"line":32,"column":26},"end":{"line":39,"column":4}},"11":{"start":{"line":40,"column":2},"end":{"line":43,"column":3}},"12":{"start":{"line":41,"column":4},"end":{"line":41,"column":55}},"13":{"start":{"line":42,"column":4},"end":{"line":42,"column":16}},"14":{"start":{"line":44,"column":2},"end":{"line":44,"column":27}},"15":{"start":{"line":49,"column":26},"end":{"line":53,"column":4}},"16":{"start":{"line":54,"column":2},"end":{"line":57,"column":3}},"17":{"start":{"line":55,"column":4},"end":{"line":55,"column":65}},"18":{"start":{"line":56,"column":4},"end":{"line":56,"column":16}},"19":{"start":{"line":58,"column":2},"end":{"line":58,"column":27}},"20":{"start":{"line":63,"column":26},"end":{"line":67,"column":4}},"21":{"start":{"line":68,"column":2},"end":{"line":71,"column":3}},"22":{"start":{"line":69,"column":4},"end":{"line":69,"column":57}},"23":{"start":{"line":70,"column":4},"end":{"line":70,"column":16}},"24":{"start":{"line":72,"column":2},"end":{"line":72,"column":14}}},"fnMap":{"0":{"name":"getTask","decl":{"start":{"line":4,"column":22},"end":{"line":4,"column":29}},"loc":{"start":{"line":4,"column":57},"end":{"line":15,"column":1}},"line":4},"1":{"name":"getTasksForUserMatch","decl":{"start":{"line":18,"column":22},"end":{"line":18,"column":42}},"loc":{"start":{"line":18,"column":60},"end":{"line":28,"column":1}},"line":18},"2":{"name":"addTask","decl":{"start":{"line":31,"column":22},"end":{"line":31,"column":29}},"loc":{"start":{"line":31,"column":106},"end":{"line":45,"column":1}},"line":31},"3":{"name":"markTaskComplete","decl":{"start":{"line":48,"column":22},"end":{"line":48,"column":38}},"loc":{"start":{"line":48,"column":68},"end":{"line":59,"column":1}},"line":48},"4":{"name":"deleteTask","decl":{"start":{"line":62,"column":22},"end":{"line":62,"column":32}},"loc":{"start":{"line":62,"column":62},"end":{"line":73,"column":1}},"line":62}},"branchMap":{"0":{"loc":{"start":{"line":10,"column":2},"end":{"line":13,"column":3}},"type":"if","locations":[{"start":{"line":10,"column":2},"end":{"line":13,"column":3}},{"start":{},"end":{}}],"line":10},"1":{"loc":{"start":{"line":14,"column":9},"end":{"line":14,"column":26}},"type":"binary-expr","locations":[{"start":{"line":14,"column":9},"end":{"line":14,"column":18}},{"start":{"line":14,"column":22},"end":{"line":14,"column":26}}],"line":14},"2":{"loc":{"start":{"line":23,"column":2},"end":{"line":26,"column":3}},"type":"if","locations":[{"start":{"line":23,"column":2},"end":{"line":26,"column":3}},{"start":{},"end":{}}],"line":23},"3":{"loc":{"start":{"line":27,"column":9},"end":{"line":27,"column":19}},"type":"binary-expr","locations":[{"start":{"line":27,"column":9},"end":{"line":27,"column":13}},{"start":{"line":27,"column":17},"end":{"line":27,"column":19}}],"line":27},"4":{"loc":{"start":{"line":31,"column":86},"end":{"line":31,"column":102}},"type":"default-arg","locations":[{"start":{"line":31,"column":97},"end":{"line":31,"column":102}}],"line":31},"5":{"loc":{"start":{"line":40,"column":2},"end":{"line":43,"column":3}},"type":"if","locations":[{"start":{"line":40,"column":2},"end":{"line":43,"column":3}},{"start":{},"end":{}}],"line":40},"6":{"loc":{"start":{"line":44,"column":9},"end":{"line":44,"column":26}},"type":"binary-expr","locations":[{"start":{"line":44,"column":9},"end":{"line":44,"column":18}},{"start":{"line":44,"column":22},"end":{"line":44,"column":26}}],"line":44},"7":{"loc":{"start":{"line":54,"column":2},"end":{"line":57,"column":3}},"type":"if","locations":[{"start":{"line":54,"column":2},"end":{"line":57,"column":3}},{"start":{},"end":{}}],"line":54},"8":{"loc":{"start":{"line":58,"column":9},"end":{"line":58,"column":26}},"type":"binary-expr","locations":[{"start":{"line":58,"column":9},"end":{"line":58,"column":18}},{"start":{"line":58,"column":22},"end":{"line":58,"column":26}}],"line":58},"9":{"loc":{"start":{"line":68,"column":2},"end":{"line":71,"column":3}},"type":"if","locations":[{"start":{"line":68,"column":2},"end":{"line":71,"column":3}},{"start":{},"end":{}}],"line":68}},"s":{"0":4,"1":4,"2":1,"3":1,"4":3,"5":3,"6":3,"7":1,"8":1,"9":2,"10":4,"11":4,"12":1,"13":1,"14":3,"15":4,"16":4,"17":1,"18":1,"19":3,"20":2,"21":2,"22":1,"23":1,"24":1},"f":{"0":4,"1":3,"2":4,"3":4,"4":2},"b":{"0":[1,3],"1":[3,2],"2":[1,2],"3":[2,1],"4":[0],"5":[1,3],"6":[3,2],"7":[1,3],"8":[3,2],"9":[1,1]},"_coverageSchema":"1a1c01bbd47fc00a2c39e90264f33305004495a9","hash":"c73068417f384a33139929f932a8284d6eb930bb"}
,"/home/willi/Tic-Tac-Task/packages/express-backend/user.js": {"path":"/home/willi/Tic-Tac-Task/packages/express-backend/user.js","statementMap":{"0":{"start":{"line":5,"column":26},"end":{"line":5,"column":61}},"1":{"start":{"line":6,"column":2},"end":{"line":9,"column":3}},"2":{"start":{"line":7,"column":4},"end":{"line":7,"column":58}},"3":{"start":{"line":8,"column":4},"end":{"line":8,"column":16}},"4":{"start":{"line":11,"column":2},"end":{"line":11,"column":20}},"5":{"start":{"line":16,"column":24},"end":{"line":16,"column":75}},"6":{"start":{"line":17,"column":2},"end":{"line":20,"column":3}},"7":{"start":{"line":18,"column":4},"end":{"line":18,"column":57}},"8":{"start":{"line":19,"column":4},"end":{"line":19,"column":16}},"9":{"start":{"line":22,"column":2},"end":{"line":22,"column":27}},"10":{"start":{"line":27,"column":26},"end":{"line":27,"column":83}},"11":{"start":{"line":28,"column":4},"end":{"line":31,"column":5}},"12":{"start":{"line":29,"column":8},"end":{"line":29,"column":61}},"13":{"start":{"line":30,"column":8},"end":{"line":30,"column":20}},"14":{"start":{"line":32,"column":4},"end":{"line":32,"column":29}},"15":{"start":{"line":37,"column":26},"end":{"line":40,"column":4}},"16":{"start":{"line":41,"column":2},"end":{"line":44,"column":3}},"17":{"start":{"line":42,"column":4},"end":{"line":42,"column":55}},"18":{"start":{"line":43,"column":4},"end":{"line":43,"column":16}},"19":{"start":{"line":45,"column":2},"end":{"line":45,"column":27}},"20":{"start":{"line":50,"column":26},"end":{"line":50,"column":82}},"21":{"start":{"line":51,"column":2},"end":{"line":54,"column":3}},"22":{"start":{"line":52,"column":4},"end":{"line":52,"column":57}},"23":{"start":{"line":53,"column":4},"end":{"line":53,"column":16}},"24":{"start":{"line":56,"column":2},"end":{"line":56,"column":14}}},"fnMap":{"0":{"name":"getAllUsers","decl":{"start":{"line":4,"column":22},"end":{"line":4,"column":33}},"loc":{"start":{"line":4,"column":36},"end":{"line":12,"column":1}},"line":4},"1":{"name":"getUserById","decl":{"start":{"line":15,"column":22},"end":{"line":15,"column":33}},"loc":{"start":{"line":15,"column":38},"end":{"line":23,"column":1}},"line":15},"2":{"name":"getUserByName","decl":{"start":{"line":26,"column":22},"end":{"line":26,"column":35}},"loc":{"start":{"line":26,"column":42},"end":{"line":33,"column":1}},"line":26},"3":{"name":"addUser","decl":{"start":{"line":36,"column":22},"end":{"line":36,"column":29}},"loc":{"start":{"line":36,"column":54},"end":{"line":46,"column":1}},"line":36},"4":{"name":"deleteUserById","decl":{"start":{"line":49,"column":22},"end":{"line":49,"column":36}},"loc":{"start":{"line":49,"column":41},"end":{"line":57,"column":1}},"line":49}},"branchMap":{"0":{"loc":{"start":{"line":6,"column":2},"end":{"line":9,"column":3}},"type":"if","locations":[{"start":{"line":6,"column":2},"end":{"line":9,"column":3}},{"start":{},"end":{}}],"line":6},"1":{"loc":{"start":{"line":11,"column":9},"end":{"line":11,"column":19}},"type":"binary-expr","locations":[{"start":{"line":11,"column":9},"end":{"line":11,"column":13}},{"start":{"line":11,"column":17},"end":{"line":11,"column":19}}],"line":11},"2":{"loc":{"start":{"line":17,"column":2},"end":{"line":20,"column":3}},"type":"if","locations":[{"start":{"line":17,"column":2},"end":{"line":20,"column":3}},{"start":{},"end":{}}],"line":17},"3":{"loc":{"start":{"line":22,"column":9},"end":{"line":22,"column":26}},"type":"binary-expr","locations":[{"start":{"line":22,"column":9},"end":{"line":22,"column":18}},{"start":{"line":22,"column":22},"end":{"line":22,"column":26}}],"line":22},"4":{"loc":{"start":{"line":28,"column":4},"end":{"line":31,"column":5}},"type":"if","locations":[{"start":{"line":28,"column":4},"end":{"line":31,"column":5}},{"start":{},"end":{}}],"line":28},"5":{"loc":{"start":{"line":32,"column":11},"end":{"line":32,"column":28}},"type":"binary-expr","locations":[{"start":{"line":32,"column":11},"end":{"line":32,"column":20}},{"start":{"line":32,"column":24},"end":{"line":32,"column":28}}],"line":32},"6":{"loc":{"start":{"line":41,"column":2},"end":{"line":44,"column":3}},"type":"if","locations":[{"start":{"line":41,"column":2},"end":{"line":44,"column":3}},{"start":{},"end":{}}],"line":41},"7":{"loc":{"start":{"line":45,"column":9},"end":{"line":45,"column":26}},"type":"binary-expr","locations":[{"start":{"line":45,"column":9},"end":{"line":45,"column":18}},{"start":{"line":45,"column":22},"end":{"line":45,"column":26}}],"line":45},"8":{"loc":{"start":{"line":51,"column":2},"end":{"line":54,"column":3}},"type":"if","locations":[{"start":{"line":51,"column":2},"end":{"line":54,"column":3}},{"start":{},"end":{}}],"line":51}},"s":{"0":3,"1":3,"2":1,"3":1,"4":2,"5":4,"6":4,"7":1,"8":1,"9":3,"10":4,"11":4,"12":1,"13":1,"14":3,"15":4,"16":4,"17":1,"18":1,"19":3,"20":2,"21":2,"22":1,"23":1,"24":1},"f":{"0":3,"1":4,"2":4,"3":4,"4":2},"b":{"0":[1,2],"1":[2,1],"2":[1,3],"3":[3,2],"4":[1,3],"5":[3,2],"6":[1,3],"7":[3,2],"8":[1,1]},"_coverageSchema":"1a1c01bbd47fc00a2c39e90264f33305004495a9","hash":"db76a93a57cd6c69662e01ffc866ec0df446fea6"}
}
