{"/home/willi/Tic-Tac-Task/packages/express-backend/backend.js": {"path":"/home/willi/Tic-Tac-Task/packages/express-backend/backend.js","statementMap":{"0":{"start":{"line":26,"column":12},"end":{"line":26,"column":21}},"1":{"start":{"line":28,"column":0},"end":{"line":28,"column":16}},"2":{"start":{"line":29,"column":0},"end":{"line":29,"column":24}},"3":{"start":{"line":31,"column":0},"end":{"line":33,"column":3}},"4":{"start":{"line":32,"column":2},"end":{"line":32,"column":41}},"5":{"start":{"line":36,"column":0},"end":{"line":44,"column":3}},"6":{"start":{"line":37,"column":2},"end":{"line":43,"column":3}},"7":{"start":{"line":38,"column":23},"end":{"line":38,"column":42}},"8":{"start":{"line":39,"column":4},"end":{"line":39,"column":29}},"9":{"start":{"line":41,"column":4},"end":{"line":41,"column":25}},"10":{"start":{"line":42,"column":4},"end":{"line":42,"column":50}},"11":{"start":{"line":47,"column":0},"end":{"line":60,"column":3}},"12":{"start":{"line":48,"column":13},"end":{"line":48,"column":26}},"13":{"start":{"line":49,"column":2},"end":{"line":59,"column":3}},"14":{"start":{"line":50,"column":17},"end":{"line":50,"column":38}},"15":{"start":{"line":51,"column":4},"end":{"line":55,"column":5}},"16":{"start":{"line":52,"column":6},"end":{"line":52,"column":45}},"17":{"start":{"line":54,"column":6},"end":{"line":54,"column":21}},"18":{"start":{"line":57,"column":4},"end":{"line":57,"column":25}},"19":{"start":{"line":58,"column":4},"end":{"line":58,"column":50}},"20":{"start":{"line":63,"column":0},"end":{"line":72,"column":3}},"21":{"start":{"line":64,"column":15},"end":{"line":64,"column":23}},"22":{"start":{"line":65,"column":2},"end":{"line":71,"column":3}},"23":{"start":{"line":66,"column":22},"end":{"line":66,"column":41}},"24":{"start":{"line":67,"column":4},"end":{"line":67,"column":36}},"25":{"start":{"line":69,"column":4},"end":{"line":69,"column":25}},"26":{"start":{"line":70,"column":4},"end":{"line":70,"column":46}},"27":{"start":{"line":76,"column":0},"end":{"line":86,"column":3}},"28":{"start":{"line":77,"column":13},"end":{"line":77,"column":26}},"29":{"start":{"line":78,"column":2},"end":{"line":85,"column":3}},"30":{"start":{"line":79,"column":20},"end":{"line":79,"column":44}},"31":{"start":{"line":80,"column":4},"end":{"line":80,"column":65}},"32":{"start":{"line":80,"column":18},"end":{"line":80,"column":65}},"33":{"start":{"line":81,"column":4},"end":{"line":81,"column":27}},"34":{"start":{"line":83,"column":4},"end":{"line":83,"column":25}},"35":{"start":{"line":84,"column":4},"end":{"line":84,"column":50}},"36":{"start":{"line":89,"column":0},"end":{"line":101,"column":3}},"37":{"start":{"line":90,"column":18},"end":{"line":90,"column":31}},"38":{"start":{"line":91,"column":2},"end":{"line":100,"column":3}},"39":{"start":{"line":92,"column":18},"end":{"line":92,"column":45}},"40":{"start":{"line":93,"column":4},"end":{"line":95,"column":5}},"41":{"start":{"line":94,"column":6},"end":{"line":94,"column":53}},"42":{"start":{"line":96,"column":4},"end":{"line":96,"column":20}},"43":{"start":{"line":98,"column":4},"end":{"line":98,"column":25}},"44":{"start":{"line":99,"column":4},"end":{"line":99,"column":49}},"45":{"start":{"line":104,"column":0},"end":{"line":112,"column":3}},"46":{"start":{"line":105,"column":2},"end":{"line":111,"column":3}},"47":{"start":{"line":106,"column":20},"end":{"line":106,"column":62}},"48":{"start":{"line":107,"column":4},"end":{"line":107,"column":26}},"49":{"start":{"line":109,"column":4},"end":{"line":109,"column":25}},"50":{"start":{"line":110,"column":4},"end":{"line":110,"column":51}},"51":{"start":{"line":115,"column":0},"end":{"line":123,"column":3}},"52":{"start":{"line":116,"column":2},"end":{"line":122,"column":3}},"53":{"start":{"line":117,"column":18},"end":{"line":117,"column":42}},"54":{"start":{"line":118,"column":4},"end":{"line":118,"column":32}},"55":{"start":{"line":120,"column":4},"end":{"line":120,"column":25}},"56":{"start":{"line":121,"column":4},"end":{"line":121,"column":49}},"57":{"start":{"line":126,"column":0},"end":{"line":135,"column":3}},"58":{"start":{"line":127,"column":2},"end":{"line":134,"column":3}},"59":{"start":{"line":128,"column":18},"end":{"line":128,"column":73}},"60":{"start":{"line":129,"column":4},"end":{"line":129,"column":63}},"61":{"start":{"line":129,"column":16},"end":{"line":129,"column":63}},"62":{"start":{"line":130,"column":4},"end":{"line":130,"column":20}},"63":{"start":{"line":132,"column":4},"end":{"line":132,"column":25}},"64":{"start":{"line":133,"column":4},"end":{"line":133,"column":49}},"65":{"start":{"line":138,"column":0},"end":{"line":148,"column":3}},"66":{"start":{"line":139,"column":18},"end":{"line":139,"column":31}},"67":{"start":{"line":140,"column":2},"end":{"line":147,"column":3}},"68":{"start":{"line":141,"column":18},"end":{"line":141,"column":58}},"69":{"start":{"line":142,"column":4},"end":{"line":142,"column":63}},"70":{"start":{"line":142,"column":16},"end":{"line":142,"column":63}},"71":{"start":{"line":143,"column":4},"end":{"line":143,"column":20}},"72":{"start":{"line":145,"column":4},"end":{"line":145,"column":25}},"73":{"start":{"line":146,"column":4},"end":{"line":146,"column":57}},"74":{"start":{"line":151,"column":0},"end":{"line":160,"column":3}},"75":{"start":{"line":152,"column":2},"end":{"line":159,"column":3}},"76":{"start":{"line":153,"column":20},"end":{"line":153,"column":56}},"77":{"start":{"line":154,"column":4},"end":{"line":154,"column":65}},"78":{"start":{"line":154,"column":18},"end":{"line":154,"column":65}},"79":{"start":{"line":155,"column":4},"end":{"line":155,"column":27}},"80":{"start":{"line":157,"column":4},"end":{"line":157,"column":25}},"81":{"start":{"line":158,"column":4},"end":{"line":158,"column":49}},"82":{"start":{"line":163,"column":0},"end":{"line":173,"column":3}},"83":{"start":{"line":164,"column":40},"end":{"line":164,"column":50}},"84":{"start":{"line":165,"column":2},"end":{"line":172,"column":3}},"85":{"start":{"line":166,"column":17},"end":{"line":166,"column":81}},"86":{"start":{"line":167,"column":4},"end":{"line":167,"column":61}},"87":{"start":{"line":167,"column":15},"end":{"line":167,"column":61}},"88":{"start":{"line":168,"column":4},"end":{"line":168,"column":19}},"89":{"start":{"line":170,"column":4},"end":{"line":170,"column":25}},"90":{"start":{"line":171,"column":4},"end":{"line":171,"column":48}},"91":{"start":{"line":176,"column":0},"end":{"line":185,"column":3}},"92":{"start":{"line":177,"column":30},"end":{"line":177,"column":40}},"93":{"start":{"line":178,"column":2},"end":{"line":184,"column":3}},"94":{"start":{"line":179,"column":18},"end":{"line":179,"column":77}},"95":{"start":{"line":180,"column":4},"end":{"line":180,"column":24}},"96":{"start":{"line":182,"column":4},"end":{"line":182,"column":25}},"97":{"start":{"line":183,"column":4},"end":{"line":183,"column":49}},"98":{"start":{"line":188,"column":0},"end":{"line":196,"column":3}},"99":{"start":{"line":189,"column":2},"end":{"line":195,"column":3}},"100":{"start":{"line":190,"column":17},"end":{"line":190,"column":40}},"101":{"start":{"line":191,"column":4},"end":{"line":191,"column":31}},"102":{"start":{"line":193,"column":4},"end":{"line":193,"column":25}},"103":{"start":{"line":194,"column":4},"end":{"line":194,"column":48}},"104":{"start":{"line":199,"column":0},"end":{"line":209,"column":3}},"105":{"start":{"line":200,"column":40},"end":{"line":200,"column":50}},"106":{"start":{"line":201,"column":2},"end":{"line":208,"column":3}},"107":{"start":{"line":202,"column":17},"end":{"line":202,"column":90}},"108":{"start":{"line":203,"column":4},"end":{"line":203,"column":61}},"109":{"start":{"line":203,"column":15},"end":{"line":203,"column":61}},"110":{"start":{"line":204,"column":4},"end":{"line":204,"column":19}},"111":{"start":{"line":206,"column":4},"end":{"line":206,"column":25}},"112":{"start":{"line":207,"column":4},"end":{"line":207,"column":56}},"113":{"start":{"line":212,"column":0},"end":{"line":222,"column":3}},"114":{"start":{"line":213,"column":40},"end":{"line":213,"column":50}},"115":{"start":{"line":214,"column":2},"end":{"line":221,"column":3}},"116":{"start":{"line":215,"column":20},"end":{"line":215,"column":87}},"117":{"start":{"line":216,"column":4},"end":{"line":216,"column":64}},"118":{"start":{"line":216,"column":18},"end":{"line":216,"column":64}},"119":{"start":{"line":217,"column":4},"end":{"line":217,"column":27}},"120":{"start":{"line":219,"column":4},"end":{"line":219,"column":25}},"121":{"start":{"line":220,"column":4},"end":{"line":220,"column":48}}},"fnMap":{"0":{"name":"(anonymous_0)","decl":{"start":{"line":31,"column":13},"end":{"line":31,"column":14}},"loc":{"start":{"line":31,"column":27},"end":{"line":33,"column":1}},"line":31},"1":{"name":"(anonymous_1)","decl":{"start":{"line":36,"column":18},"end":{"line":36,"column":19}},"loc":{"start":{"line":36,"column":38},"end":{"line":44,"column":1}},"line":36},"2":{"name":"(anonymous_2)","decl":{"start":{"line":47,"column":22},"end":{"line":47,"column":23}},"loc":{"start":{"line":47,"column":42},"end":{"line":60,"column":1}},"line":47},"3":{"name":"(anonymous_3)","decl":{"start":{"line":63,"column":19},"end":{"line":63,"column":20}},"loc":{"start":{"line":63,"column":39},"end":{"line":72,"column":1}},"line":63},"4":{"name":"(anonymous_4)","decl":{"start":{"line":76,"column":25},"end":{"line":76,"column":26}},"loc":{"start":{"line":76,"column":45},"end":{"line":86,"column":1}},"line":76},"5":{"name":"(anonymous_5)","decl":{"start":{"line":89,"column":24},"end":{"line":89,"column":25}},"loc":{"start":{"line":89,"column":44},"end":{"line":101,"column":1}},"line":89},"6":{"name":"(anonymous_6)","decl":{"start":{"line":104,"column":33},"end":{"line":104,"column":34}},"loc":{"start":{"line":104,"column":53},"end":{"line":112,"column":1}},"line":104},"7":{"name":"(anonymous_7)","decl":{"start":{"line":115,"column":21},"end":{"line":115,"column":22}},"loc":{"start":{"line":115,"column":41},"end":{"line":123,"column":1}},"line":115},"8":{"name":"(anonymous_8)","decl":{"start":{"line":126,"column":35},"end":{"line":126,"column":36}},"loc":{"start":{"line":126,"column":55},"end":{"line":135,"column":1}},"line":126},"9":{"name":"(anonymous_9)","decl":{"start":{"line":138,"column":35},"end":{"line":138,"column":36}},"loc":{"start":{"line":138,"column":55},"end":{"line":148,"column":1}},"line":138},"10":{"name":"(anonymous_10)","decl":{"start":{"line":151,"column":27},"end":{"line":151,"column":28}},"loc":{"start":{"line":151,"column":47},"end":{"line":160,"column":1}},"line":151},"11":{"name":"(anonymous_11)","decl":{"start":{"line":163,"column":45},"end":{"line":163,"column":46}},"loc":{"start":{"line":163,"column":65},"end":{"line":173,"column":1}},"line":163},"12":{"name":"(anonymous_12)","decl":{"start":{"line":176,"column":46},"end":{"line":176,"column":47}},"loc":{"start":{"line":176,"column":66},"end":{"line":185,"column":1}},"line":176},"13":{"name":"(anonymous_13)","decl":{"start":{"line":188,"column":19},"end":{"line":188,"column":20}},"loc":{"start":{"line":188,"column":39},"end":{"line":196,"column":1}},"line":188},"14":{"name":"(anonymous_14)","decl":{"start":{"line":199,"column":56},"end":{"line":199,"column":57}},"loc":{"start":{"line":199,"column":76},"end":{"line":209,"column":1}},"line":199},"15":{"name":"(anonymous_15)","decl":{"start":{"line":212,"column":48},"end":{"line":212,"column":49}},"loc":{"start":{"line":212,"column":68},"end":{"line":222,"column":1}},"line":212}},"branchMap":{"0":{"loc":{"start":{"line":51,"column":4},"end":{"line":55,"column":5}},"type":"if","locations":[{"start":{"line":51,"column":4},"end":{"line":55,"column":5}},{"start":{"line":53,"column":11},"end":{"line":55,"column":5}}],"line":51},"1":{"loc":{"start":{"line":80,"column":4},"end":{"line":80,"column":65}},"type":"if","locations":[{"start":{"line":80,"column":4},"end":{"line":80,"column":65}},{"start":{},"end":{}}],"line":80},"2":{"loc":{"start":{"line":93,"column":4},"end":{"line":95,"column":5}},"type":"if","locations":[{"start":{"line":93,"column":4},"end":{"line":95,"column":5}},{"start":{},"end":{}}],"line":93},"3":{"loc":{"start":{"line":129,"column":4},"end":{"line":129,"column":63}},"type":"if","locations":[{"start":{"line":129,"column":4},"end":{"line":129,"column":63}},{"start":{},"end":{}}],"line":129},"4":{"loc":{"start":{"line":142,"column":4},"end":{"line":142,"column":63}},"type":"if","locations":[{"start":{"line":142,"column":4},"end":{"line":142,"column":63}},{"start":{},"end":{}}],"line":142},"5":{"loc":{"start":{"line":154,"column":4},"end":{"line":154,"column":65}},"type":"if","locations":[{"start":{"line":154,"column":4},"end":{"line":154,"column":65}},{"start":{},"end":{}}],"line":154},"6":{"loc":{"start":{"line":167,"column":4},"end":{"line":167,"column":61}},"type":"if","locations":[{"start":{"line":167,"column":4},"end":{"line":167,"column":61}},{"start":{},"end":{}}],"line":167},"7":{"loc":{"start":{"line":203,"column":4},"end":{"line":203,"column":61}},"type":"if","locations":[{"start":{"line":203,"column":4},"end":{"line":203,"column":61}},{"start":{},"end":{}}],"line":203},"8":{"loc":{"start":{"line":216,"column":4},"end":{"line":216,"column":64}},"type":"if","locations":[{"start":{"line":216,"column":4},"end":{"line":216,"column":64}},{"start":{},"end":{}}],"line":216}},"s":{"0":1,"1":1,"2":1,"3":1,"4":0,"5":1,"6":2,"7":2,"8":1,"9":1,"10":1,"11":1,"12":2,"13":2,"14":2,"15":2,"16":1,"17":1,"18":0,"19":0,"20":1,"21":1,"22":1,"23":1,"24":1,"25":0,"26":0,"27":1,"28":2,"29":2,"30":2,"31":2,"32":1,"33":1,"34":0,"35":0,"36":1,"37":2,"38":2,"39":2,"40":2,"41":1,"42":1,"43":0,"44":0,"45":1,"46":1,"47":1,"48":1,"49":0,"50":0,"51":1,"52":1,"53":1,"54":1,"55":0,"56":0,"57":1,"58":2,"59":2,"60":2,"61":1,"62":1,"63":0,"64":0,"65":1,"66":1,"67":1,"68":1,"69":1,"70":0,"71":1,"72":0,"73":0,"74":1,"75":1,"76":1,"77":1,"78":0,"79":1,"80":0,"81":0,"82":1,"83":1,"84":1,"85":1,"86":1,"87":0,"88":1,"89":0,"90":0,"91":1,"92":1,"93":1,"94":1,"95":1,"96":0,"97":0,"98":1,"99":1,"100":1,"101":1,"102":0,"103":0,"104":1,"105":1,"106":1,"107":1,"108":1,"109":0,"110":1,"111":0,"112":0,"113":1,"114":1,"115":1,"116":1,"117":1,"118":0,"119":1,"120":0,"121":0},"f":{"0":0,"1":2,"2":2,"3":1,"4":2,"5":2,"6":1,"7":1,"8":2,"9":1,"10":1,"11":1,"12":1,"13":1,"14":1,"15":1},"b":{"0":[1,1],"1":[1,1],"2":[1,1],"3":[1,1],"4":[0,1],"5":[0,1],"6":[0,1],"7":[0,1],"8":[0,1]},"_coverageSchema":"1a1c01bbd47fc00a2c39e90264f33305004495a9","hash":"72c579612ce1bd561bfeef86198b1e73b9e19820"}
,"/home/willi/Tic-Tac-Task/packages/express-backend/match.js": {"path":"/home/willi/Tic-Tac-Task/packages/express-backend/match.js","statementMap":{"0":{"start":{"line":5,"column":24},"end":{"line":5,"column":82}},"1":{"start":{"line":6,"column":2},"end":{"line":9,"column":3}},"2":{"start":{"line":7,"column":4},"end":{"line":7,"column":58}},"3":{"start":{"line":8,"column":4},"end":{"line":8,"column":16}},"4":{"start":{"line":10,"column":2},"end":{"line":10,"column":27}},"5":{"start":{"line":15,"column":26},"end":{"line":15,"column":90}},"6":{"start":{"line":16,"column":2},"end":{"line":19,"column":3}},"7":{"start":{"line":17,"column":4},"end":{"line":17,"column":69}},"8":{"start":{"line":18,"column":4},"end":{"line":18,"column":16}},"9":{"start":{"line":20,"column":2},"end":{"line":20,"column":20}},"10":{"start":{"line":25,"column":26},"end":{"line":25,"column":103}},"11":{"start":{"line":26,"column":2},"end":{"line":29,"column":3}},"12":{"start":{"line":27,"column":4},"end":{"line":27,"column":58}},"13":{"start":{"line":28,"column":4},"end":{"line":28,"column":16}},"14":{"start":{"line":30,"column":2},"end":{"line":30,"column":27}},"15":{"start":{"line":35,"column":26},"end":{"line":35,"column":111}},"16":{"start":{"line":36,"column":2},"end":{"line":39,"column":3}},"17":{"start":{"line":37,"column":4},"end":{"line":37,"column":65}},"18":{"start":{"line":38,"column":4},"end":{"line":38,"column":16}},"19":{"start":{"line":40,"column":2},"end":{"line":40,"column":27}},"20":{"start":{"line":45,"column":26},"end":{"line":45,"column":91}},"21":{"start":{"line":46,"column":2},"end":{"line":49,"column":3}},"22":{"start":{"line":47,"column":4},"end":{"line":47,"column":66}},"23":{"start":{"line":48,"column":4},"end":{"line":48,"column":16}},"24":{"start":{"line":50,"column":2},"end":{"line":50,"column":27}},"25":{"start":{"line":55,"column":26},"end":{"line":55,"column":90}},"26":{"start":{"line":56,"column":2},"end":{"line":59,"column":3}},"27":{"start":{"line":57,"column":4},"end":{"line":57,"column":58}},"28":{"start":{"line":58,"column":4},"end":{"line":58,"column":16}},"29":{"start":{"line":60,"column":2},"end":{"line":60,"column":14}}},"fnMap":{"0":{"name":"getMatchById","decl":{"start":{"line":4,"column":22},"end":{"line":4,"column":34}},"loc":{"start":{"line":4,"column":44},"end":{"line":11,"column":1}},"line":4},"1":{"name":"getMatchesForUser","decl":{"start":{"line":14,"column":22},"end":{"line":14,"column":39}},"loc":{"start":{"line":14,"column":48},"end":{"line":21,"column":1}},"line":14},"2":{"name":"addMatch","decl":{"start":{"line":24,"column":22},"end":{"line":24,"column":30}},"loc":{"start":{"line":24,"column":55},"end":{"line":31,"column":1}},"line":24},"3":{"name":"addUser2ToMatch","decl":{"start":{"line":34,"column":22},"end":{"line":34,"column":37}},"loc":{"start":{"line":34,"column":57},"end":{"line":41,"column":1}},"line":34},"4":{"name":"markMatchComplete","decl":{"start":{"line":44,"column":22},"end":{"line":44,"column":39}},"loc":{"start":{"line":44,"column":49},"end":{"line":51,"column":1}},"line":44},"5":{"name":"deleteMatchById","decl":{"start":{"line":54,"column":22},"end":{"line":54,"column":37}},"loc":{"start":{"line":54,"column":47},"end":{"line":61,"column":1}},"line":54}},"branchMap":{"0":{"loc":{"start":{"line":6,"column":2},"end":{"line":9,"column":3}},"type":"if","locations":[{"start":{"line":6,"column":2},"end":{"line":9,"column":3}},{"start":{},"end":{}}],"line":6},"1":{"loc":{"start":{"line":10,"column":9},"end":{"line":10,"column":26}},"type":"binary-expr","locations":[{"start":{"line":10,"column":9},"end":{"line":10,"column":18}},{"start":{"line":10,"column":22},"end":{"line":10,"column":26}}],"line":10},"2":{"loc":{"start":{"line":16,"column":2},"end":{"line":19,"column":3}},"type":"if","locations":[{"start":{"line":16,"column":2},"end":{"line":19,"column":3}},{"start":{},"end":{}}],"line":16},"3":{"loc":{"start":{"line":20,"column":9},"end":{"line":20,"column":19}},"type":"binary-expr","locations":[{"start":{"line":20,"column":9},"end":{"line":20,"column":13}},{"start":{"line":20,"column":17},"end":{"line":20,"column":19}}],"line":20},"4":{"loc":{"start":{"line":26,"column":2},"end":{"line":29,"column":3}},"type":"if","locations":[{"start":{"line":26,"column":2},"end":{"line":29,"column":3}},{"start":{},"end":{}}],"line":26},"5":{"loc":{"start":{"line":30,"column":9},"end":{"line":30,"column":26}},"type":"binary-expr","locations":[{"start":{"line":30,"column":9},"end":{"line":30,"column":18}},{"start":{"line":30,"column":22},"end":{"line":30,"column":26}}],"line":30},"6":{"loc":{"start":{"line":36,"column":2},"end":{"line":39,"column":3}},"type":"if","locations":[{"start":{"line":36,"column":2},"end":{"line":39,"column":3}},{"start":{},"end":{}}],"line":36},"7":{"loc":{"start":{"line":40,"column":9},"end":{"line":40,"column":26}},"type":"binary-expr","locations":[{"start":{"line":40,"column":9},"end":{"line":40,"column":18}},{"start":{"line":40,"column":22},"end":{"line":40,"column":26}}],"line":40},"8":{"loc":{"start":{"line":46,"column":2},"end":{"line":49,"column":3}},"type":"if","locations":[{"start":{"line":46,"column":2},"end":{"line":49,"column":3}},{"start":{},"end":{}}],"line":46},"9":{"loc":{"start":{"line":50,"column":9},"end":{"line":50,"column":26}},"type":"binary-expr","locations":[{"start":{"line":50,"column":9},"end":{"line":50,"column":18}},{"start":{"line":50,"column":22},"end":{"line":50,"column":26}}],"line":50},"10":{"loc":{"start":{"line":56,"column":2},"end":{"line":59,"column":3}},"type":"if","locations":[{"start":{"line":56,"column":2},"end":{"line":59,"column":3}},{"start":{},"end":{}}],"line":56}},"s":{"0":4,"1":4,"2":1,"3":1,"4":3,"5":3,"6":3,"7":1,"8":1,"9":2,"10":4,"11":4,"12":1,"13":1,"14":3,"15":4,"16":4,"17":1,"18":1,"19":3,"20":4,"21":4,"22":1,"23":1,"24":3,"25":2,"26":2,"27":1,"28":1,"29":1},"f":{"0":4,"1":3,"2":4,"3":4,"4":4,"5":2},"b":{"0":[1,3],"1":[3,2],"2":[1,2],"3":[2,1],"4":[1,3],"5":[3,2],"6":[1,3],"7":[3,2],"8":[1,3],"9":[3,2],"10":[1,1]},"_coverageSchema":"1a1c01bbd47fc00a2c39e90264f33305004495a9","hash":"97df0b4fe60cd79efe90be7a65e52a67bd7363f2"}
,"/home/willi/Tic-Tac-Task/packages/express-backend/task.js": {"path":"/home/willi/Tic-Tac-Task/packages/express-backend/task.js","statementMap":{"0":{"start":{"line":5,"column":26},"end":{"line":9,"column":4}},"1":{"start":{"line":10,"column":2},"end":{"line":13,"column":3}},"2":{"start":{"line":11,"column":4},"end":{"line":11,"column":57}},"3":{"start":{"line":12,"column":4},"end":{"line":12,"column":16}},"4":{"start":{"line":14,"column":2},"end":{"line":14,"column":27}},"5":{"start":{"line":19,"column":26},"end":{"line":22,"column":4}},"6":{"start":{"line":23,"column":2},"end":{"line":26,"column":3}},"7":{"start":{"line":24,"column":4},"end":{"line":24,"column":58}},"8":{"start":{"line":25,"column":4},"end":{"line":25,"column":16}},"9":{"start":{"line":27,"column":2},"end":{"line":27,"column":20}},"10":{"start":{"line":32,"column":26},"end":{"line":39,"column":4}},"11":{"start":{"line":40,"column":2},"end":{"line":43,"column":3}},"12":{"start":{"line":41,"column":4},"end":{"line":41,"column":55}},"13":{"start":{"line":42,"column":4},"end":{"line":42,"column":16}},"14":{"start":{"line":44,"column":2},"end":{"line":44,"column":27}},"15":{"start":{"line":49,"column":26},"end":{"line":53,"column":4}},"16":{"start":{"line":54,"column":2},"end":{"line":57,"column":3}},"17":{"start":{"line":55,"column":4},"end":{"line":55,"column":65}},"18":{"start":{"line":56,"column":4},"end":{"line":56,"column":16}},"19":{"start":{"line":58,"column":2},"end":{"line":58,"column":27}},"20":{"start":{"line":63,"column":26},"end":{"line":67,"column":4}},"21":{"start":{"line":68,"column":2},"end":{"line":71,"column":3}},"22":{"start":{"line":69,"column":4},"end":{"line":69,"column":57}},"23":{"start":{"line":70,"column":4},"end":{"line":70,"column":16}},"24":{"start":{"line":72,"column":2},"end":{"line":72,"column":14}}},"fnMap":{"0":{"name":"getTask","decl":{"start":{"line":4,"column":22},"end":{"line":4,"column":29}},"loc":{"start":{"line":4,"column":57},"end":{"line":15,"column":1}},"line":4},"1":{"name":"getTasksForUserMatch","decl":{"start":{"line":18,"column":22},"end":{"line":18,"column":42}},"loc":{"start":{"line":18,"column":60},"end":{"line":28,"column":1}},"line":18},"2":{"name":"addTask","decl":{"start":{"line":31,"column":22},"end":{"line":31,"column":29}},"loc":{"start":{"line":31,"column":106},"end":{"line":45,"column":1}},"line":31},"3":{"name":"markTaskComplete","decl":{"start":{"line":48,"column":22},"end":{"line":48,"column":38}},"loc":{"start":{"line":48,"column":68},"end":{"line":59,"column":1}},"line":48},"4":{"name":"deleteTask","decl":{"start":{"line":62,"column":22},"end":{"line":62,"column":32}},"loc":{"start":{"line":62,"column":62},"end":{"line":73,"column":1}},"line":62}},"branchMap":{"0":{"loc":{"start":{"line":10,"column":2},"end":{"line":13,"column":3}},"type":"if","locations":[{"start":{"line":10,"column":2},"end":{"line":13,"column":3}},{"start":{},"end":{}}],"line":10},"1":{"loc":{"start":{"line":14,"column":9},"end":{"line":14,"column":26}},"type":"binary-expr","locations":[{"start":{"line":14,"column":9},"end":{"line":14,"column":18}},{"start":{"line":14,"column":22},"end":{"line":14,"column":26}}],"line":14},"2":{"loc":{"start":{"line":23,"column":2},"end":{"line":26,"column":3}},"type":"if","locations":[{"start":{"line":23,"column":2},"end":{"line":26,"column":3}},{"start":{},"end":{}}],"line":23},"3":{"loc":{"start":{"line":27,"column":9},"end":{"line":27,"column":19}},"type":"binary-expr","locations":[{"start":{"line":27,"column":9},"end":{"line":27,"column":13}},{"start":{"line":27,"column":17},"end":{"line":27,"column":19}}],"line":27},"4":{"loc":{"start":{"line":31,"column":86},"end":{"line":31,"column":102}},"type":"default-arg","locations":[{"start":{"line":31,"column":97},"end":{"line":31,"column":102}}],"line":31},"5":{"loc":{"start":{"line":40,"column":2},"end":{"line":43,"column":3}},"type":"if","locations":[{"start":{"line":40,"column":2},"end":{"line":43,"column":3}},{"start":{},"end":{}}],"line":40},"6":{"loc":{"start":{"line":44,"column":9},"end":{"line":44,"column":26}},"type":"binary-expr","locations":[{"start":{"line":44,"column":9},"end":{"line":44,"column":18}},{"start":{"line":44,"column":22},"end":{"line":44,"column":26}}],"line":44},"7":{"loc":{"start":{"line":54,"column":2},"end":{"line":57,"column":3}},"type":"if","locations":[{"start":{"line":54,"column":2},"end":{"line":57,"column":3}},{"start":{},"end":{}}],"line":54},"8":{"loc":{"start":{"line":58,"column":9},"end":{"line":58,"column":26}},"type":"binary-expr","locations":[{"start":{"line":58,"column":9},"end":{"line":58,"column":18}},{"start":{"line":58,"column":22},"end":{"line":58,"column":26}}],"line":58},"9":{"loc":{"start":{"line":68,"column":2},"end":{"line":71,"column":3}},"type":"if","locations":[{"start":{"line":68,"column":2},"end":{"line":71,"column":3}},{"start":{},"end":{}}],"line":68}},"s":{"0":4,"1":4,"2":1,"3":1,"4":3,"5":3,"6":3,"7":1,"8":1,"9":2,"10":4,"11":4,"12":1,"13":1,"14":3,"15":4,"16":4,"17":1,"18":1,"19":3,"20":2,"21":2,"22":1,"23":1,"24":1},"f":{"0":4,"1":3,"2":4,"3":4,"4":2},"b":{"0":[1,3],"1":[3,2],"2":[1,2],"3":[2,1],"4":[0],"5":[1,3],"6":[3,2],"7":[1,3],"8":[3,2],"9":[1,1]},"_coverageSchema":"1a1c01bbd47fc00a2c39e90264f33305004495a9","hash":"c73068417f384a33139929f932a8284d6eb930bb"}
,"/home/willi/Tic-Tac-Task/packages/express-backend/user.js": {"path":"/home/willi/Tic-Tac-Task/packages/express-backend/user.js","statementMap":{"0":{"start":{"line":5,"column":26},"end":{"line":5,"column":61}},"1":{"start":{"line":6,"column":2},"end":{"line":9,"column":3}},"2":{"start":{"line":7,"column":4},"end":{"line":7,"column":58}},"3":{"start":{"line":8,"column":4},"end":{"line":8,"column":16}},"4":{"start":{"line":11,"column":2},"end":{"line":11,"column":20}},"5":{"start":{"line":16,"column":24},"end":{"line":16,"column":75}},"6":{"start":{"line":17,"column":2},"end":{"line":20,"column":3}},"7":{"start":{"line":18,"column":4},"end":{"line":18,"column":57}},"8":{"start":{"line":19,"column":4},"end":{"line":19,"column":16}},"9":{"start":{"line":22,"column":2},"end":{"line":22,"column":27}},"10":{"start":{"line":27,"column":26},"end":{"line":27,"column":83}},"11":{"start":{"line":28,"column":4},"end":{"line":31,"column":5}},"12":{"start":{"line":29,"column":8},"end":{"line":29,"column":61}},"13":{"start":{"line":30,"column":8},"end":{"line":30,"column":20}},"14":{"start":{"line":32,"column":4},"end":{"line":32,"column":29}},"15":{"start":{"line":38,"column":26},"end":{"line":41,"column":4}},"16":{"start":{"line":42,"column":2},"end":{"line":45,"column":3}},"17":{"start":{"line":43,"column":4},"end":{"line":43,"column":55}},"18":{"start":{"line":44,"column":4},"end":{"line":44,"column":16}},"19":{"start":{"line":46,"column":2},"end":{"line":46,"column":27}},"20":{"start":{"line":51,"column":26},"end":{"line":51,"column":82}},"21":{"start":{"line":52,"column":2},"end":{"line":55,"column":3}},"22":{"start":{"line":53,"column":4},"end":{"line":53,"column":57}},"23":{"start":{"line":54,"column":4},"end":{"line":54,"column":16}},"24":{"start":{"line":57,"column":2},"end":{"line":57,"column":14}}},"fnMap":{"0":{"name":"getAllUsers","decl":{"start":{"line":4,"column":22},"end":{"line":4,"column":33}},"loc":{"start":{"line":4,"column":36},"end":{"line":12,"column":1}},"line":4},"1":{"name":"getUserById","decl":{"start":{"line":15,"column":22},"end":{"line":15,"column":33}},"loc":{"start":{"line":15,"column":38},"end":{"line":23,"column":1}},"line":15},"2":{"name":"findUserByName","decl":{"start":{"line":26,"column":22},"end":{"line":26,"column":36}},"loc":{"start":{"line":26,"column":43},"end":{"line":33,"column":1}},"line":26},"3":{"name":"addUser","decl":{"start":{"line":37,"column":22},"end":{"line":37,"column":29}},"loc":{"start":{"line":37,"column":54},"end":{"line":47,"column":1}},"line":37},"4":{"name":"deleteUserById","decl":{"start":{"line":50,"column":22},"end":{"line":50,"column":36}},"loc":{"start":{"line":50,"column":41},"end":{"line":58,"column":1}},"line":50}},"branchMap":{"0":{"loc":{"start":{"line":6,"column":2},"end":{"line":9,"column":3}},"type":"if","locations":[{"start":{"line":6,"column":2},"end":{"line":9,"column":3}},{"start":{},"end":{}}],"line":6},"1":{"loc":{"start":{"line":11,"column":9},"end":{"line":11,"column":19}},"type":"binary-expr","locations":[{"start":{"line":11,"column":9},"end":{"line":11,"column":13}},{"start":{"line":11,"column":17},"end":{"line":11,"column":19}}],"line":11},"2":{"loc":{"start":{"line":17,"column":2},"end":{"line":20,"column":3}},"type":"if","locations":[{"start":{"line":17,"column":2},"end":{"line":20,"column":3}},{"start":{},"end":{}}],"line":17},"3":{"loc":{"start":{"line":22,"column":9},"end":{"line":22,"column":26}},"type":"binary-expr","locations":[{"start":{"line":22,"column":9},"end":{"line":22,"column":18}},{"start":{"line":22,"column":22},"end":{"line":22,"column":26}}],"line":22},"4":{"loc":{"start":{"line":28,"column":4},"end":{"line":31,"column":5}},"type":"if","locations":[{"start":{"line":28,"column":4},"end":{"line":31,"column":5}},{"start":{},"end":{}}],"line":28},"5":{"loc":{"start":{"line":32,"column":11},"end":{"line":32,"column":28}},"type":"binary-expr","locations":[{"start":{"line":32,"column":11},"end":{"line":32,"column":20}},{"start":{"line":32,"column":24},"end":{"line":32,"column":28}}],"line":32},"6":{"loc":{"start":{"line":42,"column":2},"end":{"line":45,"column":3}},"type":"if","locations":[{"start":{"line":42,"column":2},"end":{"line":45,"column":3}},{"start":{},"end":{}}],"line":42},"7":{"loc":{"start":{"line":46,"column":9},"end":{"line":46,"column":26}},"type":"binary-expr","locations":[{"start":{"line":46,"column":9},"end":{"line":46,"column":18}},{"start":{"line":46,"column":22},"end":{"line":46,"column":26}}],"line":46},"8":{"loc":{"start":{"line":52,"column":2},"end":{"line":55,"column":3}},"type":"if","locations":[{"start":{"line":52,"column":2},"end":{"line":55,"column":3}},{"start":{},"end":{}}],"line":52}},"s":{"0":3,"1":3,"2":1,"3":1,"4":2,"5":4,"6":4,"7":1,"8":1,"9":3,"10":4,"11":4,"12":1,"13":1,"14":3,"15":4,"16":4,"17":1,"18":1,"19":3,"20":2,"21":2,"22":1,"23":1,"24":1},"f":{"0":3,"1":4,"2":4,"3":4,"4":2},"b":{"0":[1,2],"1":[2,1],"2":[1,3],"3":[3,2],"4":[1,3],"5":[3,2],"6":[1,3],"7":[3,2],"8":[1,1]},"_coverageSchema":"1a1c01bbd47fc00a2c39e90264f33305004495a9","hash":"c9fce127af593cd4869b019fc975e741cf46ab88"}
}
