TN:
SF:match.js
FN:4,getMatchById
FN:14,getMatchesForUser
FN:24,addMatch
FN:34,addUser2ToMatch
FN:44,markMatchComplete
FN:54,deleteMatchById
FNF:6
FNH:6
FNDA:4,getMatchById
FNDA:3,getMatchesForUser
FNDA:4,addMatch
FNDA:4,addUser2ToMatch
FNDA:4,markMatchComplete
FNDA:2,deleteMatchById
DA:5,4
DA:6,4
DA:7,1
DA:8,1
DA:10,3
DA:15,3
DA:16,3
DA:17,1
DA:18,1
DA:20,2
DA:25,4
DA:26,4
DA:27,1
DA:28,1
DA:30,3
DA:35,4
DA:36,4
DA:37,1
DA:38,1
DA:40,3
DA:45,4
DA:46,4
DA:47,1
DA:48,1
DA:50,3
DA:55,2
DA:56,2
DA:57,1
DA:58,1
DA:60,1
LF:30
LH:30
BRDA:6,0,0,1
BRDA:6,0,1,3
BRDA:10,1,0,3
BRDA:10,1,1,2
BRDA:16,2,0,1
BRDA:16,2,1,2
BRDA:20,3,0,2
BRDA:20,3,1,1
BRDA:26,4,0,1
BRDA:26,4,1,3
BRDA:30,5,0,3
BRDA:30,5,1,2
BRDA:36,6,0,1
BRDA:36,6,1,3
BRDA:40,7,0,3
BRDA:40,7,1,2
BRDA:46,8,0,1
BRDA:46,8,1,3
BRDA:50,9,0,3
BRDA:50,9,1,2
BRDA:56,10,0,1
BRDA:56,10,1,1
BRF:22
BRH:22
end_of_record
TN:
SF:task.js
FN:4,getTask
FN:18,getTasksForUserMatch
FN:31,addTask
FN:48,markTaskComplete
FN:62,deleteTask
FNF:5
FNH:5
FNDA:4,getTask
FNDA:3,getTasksForUserMatch
FNDA:4,addTask
FNDA:4,markTaskComplete
FNDA:2,deleteTask
DA:5,4
DA:10,4
DA:11,1
DA:12,1
DA:14,3
DA:19,3
DA:23,3
DA:24,1
DA:25,1
DA:27,2
DA:32,4
DA:40,4
DA:41,1
DA:42,1
DA:44,3
DA:49,4
DA:54,4
DA:55,1
DA:56,1
DA:58,3
DA:63,2
DA:68,2
DA:69,1
DA:70,1
DA:72,1
LF:25
LH:25
BRDA:10,0,0,1
BRDA:10,0,1,3
BRDA:14,1,0,3
BRDA:14,1,1,2
BRDA:23,2,0,1
BRDA:23,2,1,2
BRDA:27,3,0,2
BRDA:27,3,1,1
BRDA:31,4,0,0
BRDA:40,5,0,1
BRDA:40,5,1,3
BRDA:44,6,0,3
BRDA:44,6,1,2
BRDA:54,7,0,1
BRDA:54,7,1,3
BRDA:58,8,0,3
BRDA:58,8,1,2
BRDA:68,9,0,1
BRDA:68,9,1,1
BRF:19
BRH:18
end_of_record
TN:
SF:user.js
FN:4,getAllUsers
FN:15,getUserById
FN:26,getUserByName
FN:36,addUser
FN:49,deleteUserById
FNF:5
FNH:5
FNDA:3,getAllUsers
FNDA:4,getUserById
FNDA:4,getUserByName
FNDA:4,addUser
FNDA:2,deleteUserById
DA:5,3
DA:6,3
DA:7,1
DA:8,1
DA:11,2
DA:16,4
DA:17,4
DA:18,1
DA:19,1
DA:22,3
DA:27,4
DA:28,4
DA:29,1
DA:30,1
DA:32,3
DA:37,4
DA:41,4
DA:42,1
DA:43,1
DA:45,3
DA:50,2
DA:51,2
DA:52,1
DA:53,1
DA:56,1
LF:25
LH:25
BRDA:6,0,0,1
BRDA:6,0,1,2
BRDA:11,1,0,2
BRDA:11,1,1,1
BRDA:17,2,0,1
BRDA:17,2,1,3
BRDA:22,3,0,3
BRDA:22,3,1,2
BRDA:28,4,0,1
BRDA:28,4,1,3
BRDA:32,5,0,3
BRDA:32,5,1,2
BRDA:41,6,0,1
BRDA:41,6,1,3
BRDA:45,7,0,3
BRDA:45,7,1,2
BRDA:51,8,0,1
BRDA:51,8,1,1
BRF:18
BRH:18
end_of_record
