TN:
SF:backend.js
FN:31,(anonymous_0)
FN:36,(anonymous_1)
FN:47,(anonymous_2)
FN:63,(anonymous_3)
FN:76,(anonymous_4)
FN:89,(anonymous_5)
FN:104,(anonymous_6)
FN:115,(anonymous_7)
FN:126,(anonymous_8)
FN:138,(anonymous_9)
FN:151,(anonymous_10)
FN:163,(anonymous_11)
FN:176,(anonymous_12)
FN:188,(anonymous_13)
FN:199,(anonymous_14)
FN:212,(anonymous_15)
FNF:16
FNH:15
FNDA:0,(anonymous_0)
FNDA:2,(anonymous_1)
FNDA:2,(anonymous_2)
FNDA:1,(anonymous_3)
FNDA:2,(anonymous_4)
FNDA:2,(anonymous_5)
FNDA:1,(anonymous_6)
FNDA:1,(anonymous_7)
FNDA:2,(anonymous_8)
FNDA:1,(anonymous_9)
FNDA:1,(anonymous_10)
FNDA:1,(anonymous_11)
FNDA:1,(anonymous_12)
FNDA:1,(anonymous_13)
FNDA:1,(anonymous_14)
FNDA:1,(anonymous_15)
DA:26,1
DA:28,1
DA:29,1
DA:31,1
DA:32,0
DA:36,1
DA:37,2
DA:38,2
DA:39,1
DA:41,1
DA:42,1
DA:47,1
DA:48,2
DA:49,2
DA:50,2
DA:51,2
DA:52,1
DA:54,1
DA:57,0
DA:58,0
DA:63,1
DA:64,1
DA:65,1
DA:66,1
DA:67,1
DA:69,0
DA:70,0
DA:76,1
DA:77,2
DA:78,2
DA:79,2
DA:80,2
DA:81,1
DA:83,0
DA:84,0
DA:89,1
DA:90,2
DA:91,2
DA:92,2
DA:93,2
DA:94,1
DA:96,1
DA:98,0
DA:99,0
DA:104,1
DA:105,1
DA:106,1
DA:107,1
DA:109,0
DA:110,0
DA:115,1
DA:116,1
DA:117,1
DA:118,1
DA:120,0
DA:121,0
DA:126,1
DA:127,2
DA:128,2
DA:129,2
DA:130,1
DA:132,0
DA:133,0
DA:138,1
DA:139,1
DA:140,1
DA:141,1
DA:142,1
DA:143,1
DA:145,0
DA:146,0
DA:151,1
DA:152,1
DA:153,1
DA:154,1
DA:155,1
DA:157,0
DA:158,0
DA:163,1
DA:164,1
DA:165,1
DA:166,1
DA:167,1
DA:168,1
DA:170,0
DA:171,0
DA:176,1
DA:177,1
DA:178,1
DA:179,1
DA:180,1
DA:182,0
DA:183,0
DA:188,1
DA:189,1
DA:190,1
DA:191,1
DA:193,0
DA:194,0
DA:199,1
DA:200,1
DA:201,1
DA:202,1
DA:203,1
DA:204,1
DA:206,0
DA:207,0
DA:212,1
DA:213,1
DA:214,1
DA:215,1
DA:216,1
DA:217,1
DA:219,0
DA:220,0
LF:115
LH:86
BRDA:51,0,0,1
BRDA:51,0,1,1
BRDA:80,1,0,1
BRDA:80,1,1,1
BRDA:93,2,0,1
BRDA:93,2,1,1
BRDA:129,3,0,1
BRDA:129,3,1,1
BRDA:142,4,0,0
BRDA:142,4,1,1
BRDA:154,5,0,0
BRDA:154,5,1,1
BRDA:167,6,0,0
BRDA:167,6,1,1
BRDA:203,7,0,0
BRDA:203,7,1,1
BRDA:216,8,0,0
BRDA:216,8,1,1
BRF:18
BRH:13
end_of_record
TN:
SF:match.js
FN:4,getMatchById
FN:14,getMatchesForUser
FN:24,addMatch
FN:34,addUser2ToMatch
FN:44,markMatchComplete
FN:54,deleteMatchById
FNF:6
FNH:6
FNDA:4,getMatchById
FNDA:3,getMatchesForUser
FNDA:4,addMatch
FNDA:4,addUser2ToMatch
FNDA:4,markMatchComplete
FNDA:2,deleteMatchById
DA:5,4
DA:6,4
DA:7,1
DA:8,1
DA:10,3
DA:15,3
DA:16,3
DA:17,1
DA:18,1
DA:20,2
DA:25,4
DA:26,4
DA:27,1
DA:28,1
DA:30,3
DA:35,4
DA:36,4
DA:37,1
DA:38,1
DA:40,3
DA:45,4
DA:46,4
DA:47,1
DA:48,1
DA:50,3
DA:55,2
DA:56,2
DA:57,1
DA:58,1
DA:60,1
LF:30
LH:30
BRDA:6,0,0,1
BRDA:6,0,1,3
BRDA:10,1,0,3
BRDA:10,1,1,2
BRDA:16,2,0,1
BRDA:16,2,1,2
BRDA:20,3,0,2
BRDA:20,3,1,1
BRDA:26,4,0,1
BRDA:26,4,1,3
BRDA:30,5,0,3
BRDA:30,5,1,2
BRDA:36,6,0,1
BRDA:36,6,1,3
BRDA:40,7,0,3
BRDA:40,7,1,2
BRDA:46,8,0,1
BRDA:46,8,1,3
BRDA:50,9,0,3
BRDA:50,9,1,2
BRDA:56,10,0,1
BRDA:56,10,1,1
BRF:22
BRH:22
end_of_record
TN:
SF:task.js
FN:4,getTask
FN:18,getTasksForUserMatch
FN:31,addTask
FN:48,markTaskComplete
FN:62,deleteTask
FNF:5
FNH:5
FNDA:4,getTask
FNDA:3,getTasksForUserMatch
FNDA:4,addTask
FNDA:4,markTaskComplete
FNDA:2,deleteTask
DA:5,4
DA:10,4
DA:11,1
DA:12,1
DA:14,3
DA:19,3
DA:23,3
DA:24,1
DA:25,1
DA:27,2
DA:32,4
DA:40,4
DA:41,1
DA:42,1
DA:44,3
DA:49,4
DA:54,4
DA:55,1
DA:56,1
DA:58,3
DA:63,2
DA:68,2
DA:69,1
DA:70,1
DA:72,1
LF:25
LH:25
BRDA:10,0,0,1
BRDA:10,0,1,3
BRDA:14,1,0,3
BRDA:14,1,1,2
BRDA:23,2,0,1
BRDA:23,2,1,2
BRDA:27,3,0,2
BRDA:27,3,1,1
BRDA:31,4,0,0
BRDA:40,5,0,1
BRDA:40,5,1,3
BRDA:44,6,0,3
BRDA:44,6,1,2
BRDA:54,7,0,1
BRDA:54,7,1,3
BRDA:58,8,0,3
BRDA:58,8,1,2
BRDA:68,9,0,1
BRDA:68,9,1,1
BRF:19
BRH:18
end_of_record
TN:
SF:user.js
FN:4,getAllUsers
FN:15,getUserById
FN:26,findUserByName
FN:37,addUser
FN:50,deleteUserById
FNF:5
FNH:5
FNDA:3,getAllUsers
FNDA:4,getUserById
FNDA:4,findUserByName
FNDA:4,addUser
FNDA:2,deleteUserById
DA:5,3
DA:6,3
DA:7,1
DA:8,1
DA:11,2
DA:16,4
DA:17,4
DA:18,1
DA:19,1
DA:22,3
DA:27,4
DA:28,4
DA:29,1
DA:30,1
DA:32,3
DA:38,4
DA:42,4
DA:43,1
DA:44,1
DA:46,3
DA:51,2
DA:52,2
DA:53,1
DA:54,1
DA:57,1
LF:25
LH:25
BRDA:6,0,0,1
BRDA:6,0,1,2
BRDA:11,1,0,2
BRDA:11,1,1,1
BRDA:17,2,0,1
BRDA:17,2,1,3
BRDA:22,3,0,3
BRDA:22,3,1,2
BRDA:28,4,0,1
BRDA:28,4,1,3
BRDA:32,5,0,3
BRDA:32,5,1,2
BRDA:42,6,0,1
BRDA:42,6,1,3
BRDA:46,7,0,3
BRDA:46,7,1,2
BRDA:52,8,0,1
BRDA:52,8,1,1
BRF:18
BRH:18
end_of_record
